Time for gzip
real 18.99
user 18.89
sys 0.10
Time for bzip2
real 10.69
user 10.59
sys 0.10
Time for pbzip2
real 0.73
user 18.46
sys 0.76
Time for Arithmatic compress
real 28.72
user 28.55
sys 0.17
Sizes of each file:
-rw-rw-r-- 1 be131-25 be131-25 104857600 Oct 10 20:44 zeros_100M_90
-rw-rw-r-- 1 be131-25 be131-25  49177910 Oct 11 01:39 zeros_100M_90.art
-rw-rw-r-- 1 be131-25 be131-25  61158784 Oct 10 20:44 zeros_100M_90.bz2
-rw-rw-r-- 1 be131-25 be131-25  58736373 Oct 10 20:44 zeros_100M_90.gz
-rw-rw-r-- 1 be131-25 be131-25  61182532 Oct 11 01:39 zeros_100M_90.pbz2
