Time for gzip
real 4.29
user 4.12
sys 0.16
Time for bzip2
real 15.82
user 15.70
sys 0.12
Time for pbzip2
real 1.40
user 36.34
sys 0.87
Time for Arithmatic compress
real 40.93
user 40.62
sys 0.31
Sizes of each file:
-rw-rw-r-- 1 be131-25 be131-25 104857600 Oct 10 20:46 zeros_100M_60
-rw-rw-r-- 1 be131-25 be131-25 101811113 Oct 11 01:44 zeros_100M_60.art
-rw-rw-r-- 1 be131-25 be131-25 104910412 Oct 10 20:46 zeros_100M_60.bz2
-rw-rw-r-- 1 be131-25 be131-25 102418301 Oct 10 20:46 zeros_100M_60.gz
-rw-rw-r-- 1 be131-25 be131-25 104917589 Oct 11 01:44 zeros_100M_60.pbz2
