Time for gzip
real 3.50
user 3.41
sys 0.08
Time for bzip2
real 16.73
user 16.56
sys 0.17
Time for pbzip2
real 1.49
user 39.61
sys 0.87
Time for Arithmatic compress
real 40.72
user 40.49
sys 0.23
Sizes of each file:
-rw-rw-r-- 1 be131-25 be131-25 104857600 Oct 10 20:46 zeros_100M_50
-rw-rw-r-- 1 be131-25 be131-25 104858605 Oct 11 01:46 zeros_100M_50.art
-rw-rw-r-- 1 be131-25 be131-25 105321322 Oct 10 20:46 zeros_100M_50.bz2
-rw-rw-r-- 1 be131-25 be131-25 104874334 Oct 10 20:46 zeros_100M_50.gz
-rw-rw-r-- 1 be131-25 be131-25 105326919 Oct 11 01:45 zeros_100M_50.pbz2
