Time for gzip
real 0.72
user 0.71
sys 0.01
Time for bzip2
real 1.02
user 0.99
sys 0.02
Time for pbzip2
real 0.10
user 1.80
sys 0.10
Time for Arithmatic compress
real 14.80
user 14.78
sys 0.01
Sizes of each file:
-rw-rw-r-- 1 be131-25 be131-25 104857600 Oct 10 20:44 zeros_100M_100
-rw-rw-r-- 1 be131-25 be131-25      1028 Oct 11 01:35 zeros_100M_100.art
-rw-rw-r-- 1 be131-25 be131-25       113 Oct 10 20:44 zeros_100M_100.bz2
-rw-rw-r-- 1 be131-25 be131-25    101806 Oct 10 20:44 zeros_100M_100.gz
-rw-rw-r-- 1 be131-25 be131-25      5615 Oct 11 01:35 zeros_100M_100.pbz2
