Time for gzip
real 4.27
user 4.14
sys 0.12
Time for bzip2
real 9.96
user 9.89
sys 0.06
Time for pbzip2
real 0.74
user 18.32
sys 0.61
Time for Arithmatic compress
real 28.58
user 28.32
sys 0.26
Sizes of each file:
-rw-rw-r-- 1 be131-25 be131-25 100000000 Oct 11 00:38 protein_seq
-rw-rw-r-- 1 be131-25 be131-25  54025127 Oct 11 01:48 protein_seq.art
-rw-rw-r-- 1 be131-25 be131-25  55264525 Oct 11 00:38 protein_seq.bz2
-rw-rw-r-- 1 be131-25 be131-25  60558615 Oct 11 00:38 protein_seq.gz
-rw-rw-r-- 1 be131-25 be131-25  55260110 Oct 11 01:48 protein_seq.pbz2
